ARM GAS  C:\Temp\ccQUnQ7c.s 			page 1


   1              		.cpu cortex-m4
   2              		.arch armv7e-m
   3              		.fpu fpv4-sp-d16
   4              		.eabi_attribute 27, 1
   5              		.eabi_attribute 28, 1
   6              		.eabi_attribute 20, 1
   7              		.eabi_attribute 21, 1
   8              		.eabi_attribute 23, 3
   9              		.eabi_attribute 24, 1
  10              		.eabi_attribute 25, 1
  11              		.eabi_attribute 26, 1
  12              		.eabi_attribute 30, 1
  13              		.eabi_attribute 34, 1
  14              		.eabi_attribute 18, 4
  15              		.file	"ADCs.c"
  16              		.text
  17              	.Ltext0:
  18              		.cfi_sections	.debug_frame
  19              		.file 1 "Core/Src/ADCs.c"
  20              		.section	.text.initADCs,"ax",%progbits
  21              		.align	1
  22              		.global	initADCs
  23              		.syntax unified
  24              		.thumb
  25              		.thumb_func
  27              	initADCs:
  28              	.LFB905:
   1:Core/Src/ADCs.c **** //********************************************************************
   2:Core/Src/ADCs.c **** //*                            Micro Mouse                           *
   3:Core/Src/ADCs.c **** //*                         ADC IR_LED Library                       *
   4:Core/Src/ADCs.c **** //*==================================================================*
   5:Core/Src/ADCs.c **** //* @author:    Jesse Jabez Arendse                                  *
   6:Core/Src/ADCs.c **** //* @date:      04-07-2024                                           *
   7:Core/Src/ADCs.c **** //*==================================================================*
   8:Core/Src/ADCs.c **** 
   9:Core/Src/ADCs.c **** #include "main.h"
  10:Core/Src/ADCs.c **** #include "ADCs.h"
  11:Core/Src/ADCs.c **** 
  12:Core/Src/ADCs.c **** 
  13:Core/Src/ADCs.c **** extern ADC_HandleTypeDef hadc1;
  14:Core/Src/ADCs.c **** extern ADC_HandleTypeDef hadc2;
  15:Core/Src/ADCs.c **** extern uint16_t ADC1s[9];
  16:Core/Src/ADCs.c **** extern uint16_t ADC2s[9];
  17:Core/Src/ADCs.c **** 
  18:Core/Src/ADCs.c **** int numberOfConversions = 9;
  19:Core/Src/ADCs.c **** 
  20:Core/Src/ADCs.c **** void initADCs(){
  29              		.loc 1 20 16 view -0
  30              		.cfi_startproc
  31              		@ args = 0, pretend = 0, frame = 0
  32              		@ frame_needed = 0, uses_anonymous_args = 0
  33 0000 08B5     		push	{r3, lr}
  34              		.cfi_def_cfa_offset 8
  35              		.cfi_offset 3, -8
  36              		.cfi_offset 14, -4
  21:Core/Src/ADCs.c ****     HAL_ADC_Start_DMA(&hadc1, (uint32_t*)ADC1s, 9);
  37              		.loc 1 21 5 view .LVU1
ARM GAS  C:\Temp\ccQUnQ7c.s 			page 2


  38 0002 0922     		movs	r2, #9
  39 0004 0449     		ldr	r1, .L3
  40 0006 0548     		ldr	r0, .L3+4
  41 0008 FFF7FEFF 		bl	HAL_ADC_Start_DMA
  42              	.LVL0:
  22:Core/Src/ADCs.c ****     HAL_ADC_Start_DMA(&hadc2, (uint32_t*)ADC2s, 9);
  43              		.loc 1 22 5 view .LVU2
  44 000c 0922     		movs	r2, #9
  45 000e 0449     		ldr	r1, .L3+8
  46 0010 0448     		ldr	r0, .L3+12
  47 0012 FFF7FEFF 		bl	HAL_ADC_Start_DMA
  48              	.LVL1:
  23:Core/Src/ADCs.c **** }...
  49              		.loc 1 23 1 is_stmt 0 view .LVU3
  50 0016 08BD     		pop	{r3, pc}
  51              	.L4:
  52              		.align	2
  53              	.L3:
  54 0018 00000000 		.word	ADC1s
  55 001c 00000000 		.word	hadc1
  56 0020 00000000 		.word	ADC2s
  57 0024 00000000 		.word	hadc2
  58              		.cfi_endproc
  59              	.LFE905:
  61              		.global	numberOfConversions
  62              		.section	.data.numberOfConversions,"aw"
  63              		.align	2
  66              	numberOfConversions:
  67 0000 09000000 		.word	9
  68              		.text
  69              	.Letext0:
  70              		.file 2 "c:\\users\\jessejabezarendse\\appdata\\roaming\\code\\user\\globalstorage\\bmd.stm32-for-
  71              		.file 3 "c:\\users\\jessejabezarendse\\appdata\\roaming\\code\\user\\globalstorage\\bmd.stm32-for-
  72              		.file 4 "Drivers/CMSIS/Device/ST/STM32L4xx/Include/stm32l476xx.h"
  73              		.file 5 "Drivers/CMSIS/Device/ST/STM32L4xx/Include/stm32l4xx.h"
  74              		.file 6 "Drivers/STM32L4xx_HAL_Driver/Inc/stm32l4xx_hal_def.h"
  75              		.file 7 "Drivers/STM32L4xx_HAL_Driver/Inc/stm32l4xx_hal_dma.h"
  76              		.file 8 "Drivers/STM32L4xx_HAL_Driver/Inc/stm32l4xx_hal_adc.h"
  77              		.file 9 "Drivers/STM32L4xx_HAL_Driver/Inc/stm32l4xx_ll_dma.h"
ARM GAS  C:\Temp\ccQUnQ7c.s 			page 3


DEFINED SYMBOLS
                            *ABS*:00000000 ADCs.c
  C:\Temp\ccQUnQ7c.s:21     .text.initADCs:00000000 $t
  C:\Temp\ccQUnQ7c.s:27     .text.initADCs:00000000 initADCs
  C:\Temp\ccQUnQ7c.s:54     .text.initADCs:00000018 $d
  C:\Temp\ccQUnQ7c.s:66     .data.numberOfConversions:00000000 numberOfConversions
  C:\Temp\ccQUnQ7c.s:63     .data.numberOfConversions:00000000 $d

UNDEFINED SYMBOLS
HAL_ADC_Start_DMA
ADC1s
hadc1
ADC2s
hadc2
